<?xml version="1.0" encoding="UTF-8"?>
<!-- Generated by org.testng.reporters.JUnitReportReporter -->
<testsuite skipped="0" hostname="INDC-PF1342XM" name="com.albanero.tests.SignUpTest" tests="1" failures="0" timestamp="11 Feb 2023 12:01:19 GMT" time="19.261" errors="0">
  <testcase name="newSignUp" time="19.261" classname="com.albanero.tests.SignUpTest"/>
</testsuite> <!-- com.albanero.tests.SignUpTest -->
